#
# There is insufficient memory for the Java Runtime Environment to continue.
# Native memory allocation (mmap) failed to map 123731968 bytes for G1 virtual space
# Possible reasons:
#   The system is out of physical RAM or swap space
#   The process is running with CompressedOops enabled, and the Java Heap may be blocking the growth of the native heap
# Possible solutions:
#   Reduce memory load on the system
#   Increase physical memory or swap space
#   Check if swap backing store is full
#   Decrease Java heap size (-Xmx/-Xms)
#   Decrease number of Java threads
#   Decrease Java thread stack sizes (-Xss)
#   Set larger code cache with -XX:ReservedCodeCacheSize=
#   JVM is running with Unscaled Compressed Oops mode in which the Java heap is
#     placed in the first 4GB address space. The Java Heap base address is the
#     maximum limit for the native heap growth. Please use -XX:HeapBaseMinAddress
#     to set the Java Heap base and to place the Java Heap above 4GB virtual address.
# This output file may be truncated or incomplete.
#
#  Out of Memory Error (os_windows.cpp:3469), pid=9844, tid=1812
#
# JRE version:  (17.0.1+12) (build )
# Java VM: OpenJDK 64-Bit Server VM (17.0.1+12, mixed mode, sharing, tiered, compressed oops, compressed class ptrs, g1 gc, windows-amd64)
# No core dump will be written. Minidumps are not enabled by default on client versions of Windows
#

---------------  S U M M A R Y ------------

Command Line: -Dfile.encoding=Cp1252 -XX:+ShowCodeDetailsInExceptionMessages com.demo.LogicalProgram

Host: AMD Ryzen 5 5500U with Radeon Graphics         , 12 cores, 7G,  Windows 10 , 64 bit Build 22621 (10.0.22621.1928)
Time: Wed Jul 26 17:12:54 2023 India Standard Time elapsed time: 0.011178 seconds (0d 0h 0m 0s)

---------------  T H R E A D  ---------------

Current thread (0x0000015987269dd0):  JavaThread "Unknown thread" [_thread_in_vm, id=1812, stack(0x0000005537000000,0x0000005537100000)]

Stack: [0x0000005537000000,0x0000005537100000]
Native frames: (J=compiled Java code, j=interpreted, Vv=VM code, C=native code)
V  [jvm.dll+0x6744da]
V  [jvm.dll+0x82e144]
V  [jvm.dll+0x82f8ee]
V  [jvm.dll+0x82ff53]
V  [jvm.dll+0x245175]
V  [jvm.dll+0x6714c9]
V  [jvm.dll+0x665f92]
V  [jvm.dll+0x303c3b]
V  [jvm.dll+0x30b176]
V  [jvm.dll+0x35af1e]
V  [jvm.dll+0x35b14f]
V  [jvm.dll+0x2dab78]
V  [jvm.dll+0x2dbae4]
V  [jvm.dll+0x7ffdf1]
V  [jvm.dll+0x368c91]
V  [jvm.dll+0x7df2cc]
V  [jvm.dll+0x3eb59f]
V  [jvm.dll+0x3ed121]
C  [jli.dll+0x5277]
C  [ucrtbase.dll+0x29363]
C  [KERNEL32.DLL+0x126ad]
C  [ntdll.dll+0x5aa68]


---------------  P R O C E S S  ---------------

Threads class SMR info:
_java_thread_list=0x00007ffdcd6a4e58, length=0, elements={
}

Java Threads: ( => current thread )

Other Threads:
  0x00000159872a7e40 GCTaskThread "GC Thread#0" [stack: 0x0000005537100000,0x0000005537200000] [id=10952]
  0x00000159872b7940 ConcurrentGCThread "G1 Main Marker" [stack: 0x0000005537200000,0x0000005537300000] [id=9488]
  0x00000159872b8c50 ConcurrentGCThread "G1 Conc#0" [stack: 0x0000005537300000,0x0000005537400000] [id=6980]

[error occurred during error reporting (printing all threads), id 0xc0000005, EXCEPTION_ACCESS_VIOLATION (0xc0000005) at pc=0x00007ffdcce7b5f7]

VM state: not at safepoint (not fully initialized)

VM Mutex/Monitor currently owned by a thread:  ([mutex/lock_event])
[0x0000015987264cb0] Heap_lock - owner thread: 0x0000015987269dd0

Heap address: 0x000000008a200000, size: 1886 MB, Compressed Oops mode: 32-bit

CDS archive(s) mapped at: [0x0000000000000000-0x0000000000000000-0x0000000000000000), size 0, SharedBaseAddress: 0x0000000800000000, ArchiveRelocationMode: 0.
Narrow klass base: 0x0000000000000000, Narrow klass shift: 0, Narrow klass range: 0x0

GC Precious Log:
<Empty>

Heap:
 garbage-first heap   total 0K, used 0K [0x000000008a200000, 0x0000000100000000)
  region size 1024K, 0 young (0K), 0 survivors (0K)

[error occurred during error reporting (printing heap information), id 0xc0000005, EXCEPTION_ACCESS_VIOLATION (0xc0000005) at pc=0x00007ffdcd25d729]

GC Heap History (0 events):
No events

Deoptimization events (0 events):
No events

Classes unloaded (0 events):
No events

Classes redefined (0 events):
No events

Internal exceptions (0 events):
No events

VM Operations (0 events):
No events

Events (1 events):
Event: 0.007 Loaded shared library C:\Users\barat\Desktop\Project\eclipse-java-2021-12-R-win32-x86_64\eclipse\plugins\org.eclipse.justj.openjdk.hotspot.jre.full.win32.x86_64_17.0.1.v20211116-1657\jre\bin\java.dll


Dynamic libraries:
0x00007ff618060000 - 0x00007ff61806e000 	C:\Users\barat\Desktop\Project\eclipse-java-2021-12-R-win32-x86_64\eclipse\plugins\org.eclipse.justj.openjdk.hotspot.jre.full.win32.x86_64_17.0.1.v20211116-1657\jre\bin\javaw.exe
0x00007ffe0f0d0000 - 0x00007ffe0f2e4000 	C:\WINDOWS\SYSTEM32\ntdll.dll
0x00007ffe0ea00000 - 0x00007ffe0eac2000 	C:\WINDOWS\System32\KERNEL32.DLL
0x00007ffe0c920000 - 0x00007ffe0ccc3000 	C:\WINDOWS\System32\KERNELBASE.dll
0x00007ffe0c540000 - 0x00007ffe0c651000 	C:\WINDOWS\System32\ucrtbase.dll
0x00007ffe07ea0000 - 0x00007ffe07eb9000 	C:\Users\barat\Desktop\Project\eclipse-java-2021-12-R-win32-x86_64\eclipse\plugins\org.eclipse.justj.openjdk.hotspot.jre.full.win32.x86_64_17.0.1.v20211116-1657\jre\bin\VCRUNTIME140.dll
0x00007ffe07310000 - 0x00007ffe07328000 	C:\Users\barat\Desktop\Project\eclipse-java-2021-12-R-win32-x86_64\eclipse\plugins\org.eclipse.justj.openjdk.hotspot.jre.full.win32.x86_64_17.0.1.v20211116-1657\jre\bin\jli.dll
0x00007ffe0de40000 - 0x00007ffe0dfea000 	C:\WINDOWS\System32\USER32.dll
0x00007ffdf40a0000 - 0x00007ffdf432e000 	C:\WINDOWS\WinSxS\amd64_microsoft.windows.common-controls_6595b64144ccf1df_6.0.22621.1635_none_270f70857386168e\COMCTL32.dll
0x00007ffe0c660000 - 0x00007ffe0c686000 	C:\WINDOWS\System32\win32u.dll
0x00007ffe0d0e0000 - 0x00007ffe0d187000 	C:\WINDOWS\System32\msvcrt.dll
0x00007ffe0d470000 - 0x00007ffe0d499000 	C:\WINDOWS\System32\GDI32.dll
0x00007ffe0c690000 - 0x00007ffe0c7a9000 	C:\WINDOWS\System32\gdi32full.dll
0x00007ffe0ccd0000 - 0x00007ffe0cd6a000 	C:\WINDOWS\System32\msvcp_win.dll
0x00007ffe0e9c0000 - 0x00007ffe0e9f1000 	C:\WINDOWS\System32\IMM32.DLL
0x00007ffe07300000 - 0x00007ffe0730c000 	C:\Users\barat\Desktop\Project\eclipse-java-2021-12-R-win32-x86_64\eclipse\plugins\org.eclipse.justj.openjdk.hotspot.jre.full.win32.x86_64_17.0.1.v20211116-1657\jre\bin\vcruntime140_1.dll
0x00007ffdf5890000 - 0x00007ffdf5921000 	C:\Users\barat\Desktop\Project\eclipse-java-2021-12-R-win32-x86_64\eclipse\plugins\org.eclipse.justj.openjdk.hotspot.jre.full.win32.x86_64_17.0.1.v20211116-1657\jre\bin\msvcp140.dll
0x00007ffdccb90000 - 0x00007ffdcd7d6000 	C:\Users\barat\Desktop\Project\eclipse-java-2021-12-R-win32-x86_64\eclipse\plugins\org.eclipse.justj.openjdk.hotspot.jre.full.win32.x86_64_17.0.1.v20211116-1657\jre\bin\server\jvm.dll
0x00007ffe0dff0000 - 0x00007ffe0e09e000 	C:\WINDOWS\System32\ADVAPI32.dll
0x00007ffe0d370000 - 0x00007ffe0d414000 	C:\WINDOWS\System32\sechost.dll
0x00007ffe0ee60000 - 0x00007ffe0ef77000 	C:\WINDOWS\System32\RPCRT4.dll
0x00007ffe0e110000 - 0x00007ffe0e118000 	C:\WINDOWS\System32\PSAPI.DLL
0x00007ffe03060000 - 0x00007ffe0306a000 	C:\WINDOWS\SYSTEM32\VERSION.dll
0x00007ffdfba10000 - 0x00007ffdfba19000 	C:\WINDOWS\SYSTEM32\WSOCK32.dll
0x00007ffe05400000 - 0x00007ffe05434000 	C:\WINDOWS\SYSTEM32\WINMM.dll
0x00007ffe0dd40000 - 0x00007ffe0ddb1000 	C:\WINDOWS\System32\WS2_32.dll
0x00007ffe0b5e0000 - 0x00007ffe0b5f8000 	C:\WINDOWS\SYSTEM32\kernel.appcore.dll
0x00007ffe02ed0000 - 0x00007ffe02eda000 	C:\Users\barat\Desktop\Project\eclipse-java-2021-12-R-win32-x86_64\eclipse\plugins\org.eclipse.justj.openjdk.hotspot.jre.full.win32.x86_64_17.0.1.v20211116-1657\jre\bin\jimage.dll
0x00007ffe03f00000 - 0x00007ffe0412e000 	C:\WINDOWS\SYSTEM32\DBGHELP.DLL
0x00007ffe0ead0000 - 0x00007ffe0ee59000 	C:\WINDOWS\System32\combase.dll
0x00007ffe0e460000 - 0x00007ffe0e537000 	C:\WINDOWS\System32\OLEAUT32.dll
0x00007ffdf5f20000 - 0x00007ffdf5f52000 	C:\WINDOWS\SYSTEM32\dbgcore.DLL
0x00007ffe0cd70000 - 0x00007ffe0cdea000 	C:\WINDOWS\System32\bcryptPrimitives.dll
0x00007ffdf7150000 - 0x00007ffdf7175000 	C:\Users\barat\Desktop\Project\eclipse-java-2021-12-R-win32-x86_64\eclipse\plugins\org.eclipse.justj.openjdk.hotspot.jre.full.win32.x86_64_17.0.1.v20211116-1657\jre\bin\java.dll

dbghelp: loaded successfully - version: 4.0.5 - missing functions: none
symbol engine: initialized successfully - sym options: 0x614 - pdb path: .;C:\Users\barat\Desktop\Project\eclipse-java-2021-12-R-win32-x86_64\eclipse\plugins\org.eclipse.justj.openjdk.hotspot.jre.full.win32.x86_64_17.0.1.v20211116-1657\jre\bin;C:\WINDOWS\SYSTEM32;C:\WINDOWS\WinSxS\amd64_microsoft.windows.common-controls_6595b64144ccf1df_6.0.22621.1635_none_270f70857386168e;C:\Users\barat\Desktop\Project\eclipse-java-2021-12-R-win32-x86_64\eclipse\plugins\org.eclipse.justj.openjdk.hotspot.jre.full.win32.x86_64_17.0.1.v20211116-1657\jre\bin\server

VM Arguments:
jvm_args: -Dfile.encoding=Cp1252 -XX:+ShowCodeDetailsInExceptionMessages 
java_command: com.demo.LogicalProgram
java_class_path (initial): C:\Users\barat\Documents\Project\Cucumber-Projects\target\test-classes;C:\Users\barat\Documents\Project\Cucumber-Projects\target\classes;C:\Users\barat\Documents\Project\Cucumber-Projects\Lib\ojdbc14.jar;C:\Users\barat\.m2\repository\io\cucumber\cucumber-java\4.2.0\cucumber-java-4.2.0.jar;C:\Users\barat\.m2\repository\io\cucumber\cucumber-core\4.2.0\cucumber-core-4.2.0.jar;C:\Users\barat\.m2\repository\io\cucumber\cucumber-html\0.2.7\cucumber-html-0.2.7.jar;C:\Users\barat\.m2\repository\io\cucumber\gherkin\5.1.0\gherkin-5.1.0.jar;C:\Users\barat\.m2\repository\io\cucumber\tag-expressions\1.1.1\tag-expressions-1.1.1.jar;C:\Users\barat\.m2\repository\io\cucumber\cucumber-expressions\6.2.0\cucumber-expressions-6.2.0.jar;C:\Users\barat\.m2\repository\io\cucumber\datatable\1.1.7\datatable-1.1.7.jar;C:\Users\barat\.m2\repository\io\cucumber\datatable-dependencies\1.1.7\datatable-dependencies-1.1.7.jar;C:\Users\barat\.m2\repository\io\cucumber\cucumber-junit\4.2.0\cucumber-junit-4.2.0.jar;C:\Users\barat\.m2\repository\junit\junit\4.12\junit-4.12.jar;C:\Users\barat\.m2\repository\org\hamcrest\hamcrest-core\1.3\hamcrest-core-1.3.jar;C:\Users\barat\.m2\repository\io\github\bonigarcia\webdrivermanager\5.0.3\webdrivermanager-5.0.3.jar;C:\Users\barat\.m2\repository\org\slf4j\slf4j-api\1.7.32\slf4j-api-1.7.32.jar;C:\Users\barat\.m2\repository\com\google\code\gson\gson\2.8.8\gson-2.8.8.jar;C:\Users\barat\.m2\repository\org\jsoup\jsoup\1.14.2\jsoup-1.14.2.jar;C:\Users\barat\.m2\repository\com\github\docker-java\docker-java\3.2.12\docker-java-3.2.12.jar;C:\Users\barat\.m2\repository\com\github\docker-java\docker-java-core\3.2.12\docker-java-core-3.2.12.jar;C:\Users\barat\.m2\repository\com\github\docker-java\docker-java-api\3.2.12\docker-java-api-3.2.12.jar;C:\Users\barat\.m2\repository\org\apache\commons\commons-compress\1.21\commons-compress-1.21.jar;C:\Users\barat\.m2\repository\org\bouncycastle\bcpkix-jdk15on\1.64\bcpkix-jdk15on-1.64.jar;C:\Users\bara
Launcher Type: SUN_STANDARD

[Global flags]
     intx CICompilerCount                          = 4                                         {product} {ergonomic}
     uint ConcGCThreads                            = 3                                         {product} {ergonomic}
     uint G1ConcRefinementThreads                  = 10                                        {product} {ergonomic}
   size_t G1HeapRegionSize                         = 1048576                                   {product} {ergonomic}
    uintx GCDrainStackTargetSize                   = 64                                        {product} {ergonomic}
   size_t InitialHeapSize                          = 123731968                                 {product} {ergonomic}
   size_t MarkStackSize                            = 4194304                                   {product} {ergonomic}
   size_t MaxHeapSize                              = 1977614336                                {product} {ergonomic}
   size_t MinHeapDeltaBytes                        = 1048576                                   {product} {ergonomic}
   size_t MinHeapSize                              = 8388608                                   {product} {ergonomic}
    uintx NonNMethodCodeHeapSize                   = 5839372                                {pd product} {ergonomic}
    uintx NonProfiledCodeHeapSize                  = 122909434                              {pd product} {ergonomic}
    uintx ProfiledCodeHeapSize                     = 122909434                              {pd product} {ergonomic}
    uintx ReservedCodeCacheSize                    = 251658240                              {pd product} {ergonomic}
     bool SegmentedCodeCache                       = true                                      {product} {ergonomic}
     bool ShowCodeDetailsInExceptionMessages       = true                                   {manageable} {command line}
   size_t SoftMaxHeapSize                          = 1977614336                             {manageable} {ergonomic}
     bool UseCompressedClassPointers               = true                           {product lp64_product} {ergonomic}
     bool UseCompressedOops                        = true                           {product lp64_product} {ergonomic}
     bool UseG1GC                                  = true                                      {product} {ergonomic}
     bool UseLargePagesIndividualAllocation        = false                                  {pd product} {ergonomic}

Logging:
Log output configuration:
 #0: stdout all=warning uptime,level,tags
 #1: stderr all=off uptime,level,tags

Environment Variables:
JAVA_HOME=C:\Program Files (x86)\Java\jdk1.8.0_231
PATH=C:/Users/barat/Desktop/Project/eclipse-java-2021-12-R-win32-x86_64/eclipse//plugins/org.eclipse.justj.openjdk.hotspot.jre.full.win32.x86_64_17.0.1.v20211116-1657/jre/bin/server;C:/Users/barat/Desktop/Project/eclipse-java-2021-12-R-win32-x86_64/eclipse//plugins/org.eclipse.justj.openjdk.hotspot.jre.full.win32.x86_64_17.0.1.v20211116-1657/jre/bin;C:\Program Files (x86)\Common Files\Oracle\Java\javapath;C:\oraclexe\app\oracle\product\10.2.0\server\bin;C:\WINDOWS\system32;C:\WINDOWS;C:\WINDOWS\System32\Wbem;C:\WINDOWS\System32\WindowsPowerShell\v1.0\;C:\WINDOWS\System32\OpenSSH\;C:\Program Files (x86)\Java\jdk1.8.0_231\bin;C:\Program Files (x86)\apache-maven-3.8.4\bin;C:\Program Files\Git\cmd;C:\Users\barat\AppData\Local\Microsoft\WindowsApps;;C:\Users\barat\Desktop\Project\eclipse-java-2021-12-R-win32-x86_64\eclipse;
USERNAME=barat
OS=Windows_NT
PROCESSOR_IDENTIFIER=AMD64 Family 23 Model 104 Stepping 1, AuthenticAMD



---------------  S Y S T E M  ---------------

OS:
 Windows 10 , 64 bit Build 22621 (10.0.22621.1928)
OS uptime: 6 days 0:23 hours
Hyper-V role detected

CPU: total 12 (initial active 12) (12 cores per cpu, 2 threads per core) family 23 model 104 stepping 1 microcode 0x0, cx8, cmov, fxsr, ht, mmx, 3dnowpref, sse, sse2, sse3, ssse3, sse4a, sse4.1, sse4.2, popcnt, lzcnt, tsc, tscinvbit, avx, avx2, aes, clmul, bmi1, bmi2, adx, sha, fma, vzeroupper, clflush, clflushopt, hv

Memory: 4k page, system-wide physical 7541M (1723M free)
TotalPageFile size 9589M (AvailPageFile size 80M)
current process WorkingSet (physical memory assigned to process): 11M, peak: 11M
current process commit charge ("private bytes"): 64M, peak: 182M

vm_info: OpenJDK 64-Bit Server VM (17.0.1+12) for windows-amd64 JRE (17.0.1+12), built on Oct 20 2021 07:42:55 by "" with MS VC++ 16.7 (VS2019)

END.
